[14:06:34] [main/INFO]: Setting user: Player470
[14:06:38] [Client thread/INFO]: LWJGL Version: 2.9.1
[14:06:56] [Client thread/INFO]: Reloading ResourceManager: Default, FMLFileResourcePack:Forge Mod Loader, FMLFileResourcePack:Minecraft Forge, FMLFileResourcePack:SteelCraft
[14:07:06] [Client thread/INFO]: Created: 512x256 textures/blocks-atlas
[14:07:06] [Client thread/ERROR]: Using missing texture, unable to load minecraft:textures/items/MISSING_ICON_ITEM_4098_steelcraft_linkSteel.png
java.io.FileNotFoundException: minecraft:textures/items/MISSING_ICON_ITEM_4098_steelcraft_linkSteel.png
	at net.minecraft.client.resources.FallbackResourceManager.getResource(FallbackResourceManager.java:65) ~[FallbackResourceManager.class:?]
	at net.minecraft.client.resources.SimpleReloadableResourceManager.getResource(SimpleReloadableResourceManager.java:67) ~[SimpleReloadableResourceManager.class:?]
	at net.minecraft.client.renderer.texture.TextureMap.loadTextureAtlas(TextureMap.java:126) [TextureMap.class:?]
	at net.minecraft.client.renderer.texture.TextureMap.loadTexture(TextureMap.java:91) [TextureMap.class:?]
	at net.minecraft.client.renderer.texture.TextureManager.loadTexture(TextureManager.java:89) [TextureManager.class:?]
	at net.minecraft.client.renderer.texture.TextureManager.loadTickableTexture(TextureManager.java:71) [TextureManager.class:?]
	at net.minecraft.client.renderer.texture.TextureManager.loadTextureMap(TextureManager.java:58) [TextureManager.class:?]
	at net.minecraft.client.Minecraft.startGame(Minecraft.java:583) [Minecraft.class:?]
	at net.minecraft.client.Minecraft.run(Minecraft.java:931) [Minecraft.class:?]
	at net.minecraft.client.main.Main.main(Main.java:164) [Main.class:?]
	at sun.reflect.NativeMethodAccessorImpl.invoke0(Native Method) ~[?:1.7.0_79]
	at sun.reflect.NativeMethodAccessorImpl.invoke(NativeMethodAccessorImpl.java:57) ~[?:1.7.0_79]
	at sun.reflect.DelegatingMethodAccessorImpl.invoke(DelegatingMethodAccessorImpl.java:43) ~[?:1.7.0_79]
	at java.lang.reflect.Method.invoke(Method.java:606) ~[?:1.7.0_79]
	at net.minecraft.launchwrapper.Launch.launch(Launch.java:135) [launchwrapper-1.11.jar:?]
	at net.minecraft.launchwrapper.Launch.main(Launch.java:28) [launchwrapper-1.11.jar:?]
	at net.minecraftforge.gradle.GradleStartCommon.launch(Unknown Source) [start/:?]
	at GradleStart.main(Unknown Source) [start/:?]
	at sun.reflect.NativeMethodAccessorImpl.invoke0(Native Method) ~[?:1.7.0_79]
	at sun.reflect.NativeMethodAccessorImpl.invoke(NativeMethodAccessorImpl.java:57) ~[?:1.7.0_79]
	at sun.reflect.DelegatingMethodAccessorImpl.invoke(DelegatingMethodAccessorImpl.java:43) ~[?:1.7.0_79]
	at java.lang.reflect.Method.invoke(Method.java:606) ~[?:1.7.0_79]
	at com.intellij.rt.execution.application.AppMain.main(AppMain.java:134) [idea_rt.jar:?]
[14:07:06] [Client thread/INFO]: Created: 256x256 textures/items-atlas
[14:07:06] [Client thread/INFO]: Reloading ResourceManager: Default, FMLFileResourcePack:Forge Mod Loader, FMLFileResourcePack:Minecraft Forge, FMLFileResourcePack:SteelCraft
[14:07:07] [Client thread/ERROR]: Using missing texture, unable to load minecraft:textures/items/MISSING_ICON_ITEM_4098_steelcraft_linkSteel.png
java.io.FileNotFoundException: minecraft:textures/items/MISSING_ICON_ITEM_4098_steelcraft_linkSteel.png
	at net.minecraft.client.resources.FallbackResourceManager.getResource(FallbackResourceManager.java:65) ~[FallbackResourceManager.class:?]
	at net.minecraft.client.resources.SimpleReloadableResourceManager.getResource(SimpleReloadableResourceManager.java:67) ~[SimpleReloadableResourceManager.class:?]
	at net.minecraft.client.renderer.texture.TextureMap.loadTextureAtlas(TextureMap.java:126) [TextureMap.class:?]
	at net.minecraft.client.renderer.texture.TextureMap.loadTexture(TextureMap.java:91) [TextureMap.class:?]
	at net.minecraft.client.renderer.texture.TextureManager.loadTexture(TextureManager.java:89) [TextureManager.class:?]
	at net.minecraft.client.renderer.texture.TextureManager.onResourceManagerReload(TextureManager.java:170) [TextureManager.class:?]
	at net.minecraft.client.resources.SimpleReloadableResourceManager.notifyReloadListeners(SimpleReloadableResourceManager.java:134) [SimpleReloadableResourceManager.class:?]
	at net.minecraft.client.resources.SimpleReloadableResourceManager.reloadResources(SimpleReloadableResourceManager.java:118) [SimpleReloadableResourceManager.class:?]
	at net.minecraft.client.Minecraft.refreshResources(Minecraft.java:643) [Minecraft.class:?]
	at cpw.mods.fml.client.FMLClientHandler.finishMinecraftLoading(FMLClientHandler.java:303) [FMLClientHandler.class:?]
	at net.minecraft.client.Minecraft.startGame(Minecraft.java:586) [Minecraft.class:?]
	at net.minecraft.client.Minecraft.run(Minecraft.java:931) [Minecraft.class:?]
	at net.minecraft.client.main.Main.main(Main.java:164) [Main.class:?]
	at sun.reflect.NativeMethodAccessorImpl.invoke0(Native Method) ~[?:1.7.0_79]
	at sun.reflect.NativeMethodAccessorImpl.invoke(NativeMethodAccessorImpl.java:57) ~[?:1.7.0_79]
	at sun.reflect.DelegatingMethodAccessorImpl.invoke(DelegatingMethodAccessorImpl.java:43) ~[?:1.7.0_79]
	at java.lang.reflect.Method.invoke(Method.java:606) ~[?:1.7.0_79]
	at net.minecraft.launchwrapper.Launch.launch(Launch.java:135) [launchwrapper-1.11.jar:?]
	at net.minecraft.launchwrapper.Launch.main(Launch.java:28) [launchwrapper-1.11.jar:?]
	at net.minecraftforge.gradle.GradleStartCommon.launch(Unknown Source) [start/:?]
	at GradleStart.main(Unknown Source) [start/:?]
	at sun.reflect.NativeMethodAccessorImpl.invoke0(Native Method) ~[?:1.7.0_79]
	at sun.reflect.NativeMethodAccessorImpl.invoke(NativeMethodAccessorImpl.java:57) ~[?:1.7.0_79]
	at sun.reflect.DelegatingMethodAccessorImpl.invoke(DelegatingMethodAccessorImpl.java:43) ~[?:1.7.0_79]
	at java.lang.reflect.Method.invoke(Method.java:606) ~[?:1.7.0_79]
	at com.intellij.rt.execution.application.AppMain.main(AppMain.java:134) [idea_rt.jar:?]
[14:07:07] [Client thread/INFO]: Created: 256x256 textures/items-atlas
[14:07:07] [Client thread/INFO]: Created: 512x256 textures/blocks-atlas
[14:07:08] [Sound Library Loader/INFO]: Sound engine started
[14:07:20] [Server thread/INFO]: Starting integrated minecraft server version 1.7.10
[14:07:20] [Server thread/INFO]: Generating keypair
[14:07:22] [Server thread/INFO]: Preparing start region for level 0
[14:07:23] [Server thread/INFO]: Changing view distance to 2, from 10
[14:07:25] [Server thread/INFO]: Player470[local:E:39542311] logged in with entity id 0 at (-175.58235816743053, 56.0, -578.4397074024834)
[14:07:25] [Server thread/INFO]: Player470 joined the game
[14:07:28] [Server thread/INFO]: Saving and pausing game...
[14:07:28] [Server thread/INFO]: Saving chunks for level 'Test'/Overworld
[14:07:28] [Server thread/INFO]: Saving chunks for level 'Test'/Nether
[14:07:28] [Server thread/INFO]: Saving chunks for level 'Test'/The End
[14:07:28] [Server thread/WARN]: Can't keep up! Did the system time change, or is the server overloaded? Running 2772ms behind, skipping 55 tick(s)
[14:07:50] [Sound Library Loader/INFO]: Sound engine started
[14:08:15] [Server thread/INFO]: Player470 has just earned the achievement [Taking Inventory]
[14:08:15] [Client thread/INFO]: [CHAT] Player470 has just earned the achievement [Taking Inventory]
[14:09:03] [Server thread/INFO]: [Player470: Set own game mode to Survival Mode]
[14:09:03] [Client thread/INFO]: [CHAT] Your game mode has been updated
[14:09:18] [Server thread/INFO]: Player470 has just earned the achievement [Getting Wood]
[14:09:18] [Client thread/INFO]: [CHAT] Player470 has just earned the achievement [Getting Wood]
[14:12:07] [Server thread/INFO]: [Player470: Set own game mode to Creative Mode]
[14:12:07] [Client thread/INFO]: [CHAT] Your game mode has been updated
[14:12:13] [Server thread/INFO]: [Player470: Set own game mode to Survival Mode]
[14:12:13] [Client thread/INFO]: [CHAT] Your game mode has been updated
[14:12:24] [Server thread/INFO]: [Player470: Set own game mode to Creative Mode]
[14:12:24] [Client thread/INFO]: [CHAT] Your game mode has been updated
[14:12:33] [Server thread/INFO]: Saving and pausing game...
[14:12:33] [Server thread/INFO]: Saving chunks for level 'Test'/Overworld
[14:12:33] [Server thread/INFO]: Saving chunks for level 'Test'/Nether
[14:12:33] [Server thread/INFO]: Saving chunks for level 'Test'/The End
[14:12:34] [Client thread/INFO]: Stopping!
[14:12:34] [Server thread/INFO]: Stopping server
[14:12:34] [Server thread/INFO]: Saving players
[14:12:34] [Server thread/INFO]: Saving worlds
[14:12:34] [Server thread/INFO]: Saving chunks for level 'Test'/Overworld
[14:12:34] [Server thread/INFO]: Saving chunks for level 'Test'/Nether
[14:12:34] [Server thread/INFO]: Saving chunks for level 'Test'/The End
